#
# There is insufficient memory for the Java Runtime Environment to continue.
# Native memory allocation (malloc) failed to allocate 398576 bytes for Chunk::new
# Possible reasons:
#   The system is out of physical RAM or swap space
#   In 32 bit mode, the process size limit was hit
# Possible solutions:
#   Reduce memory load on the system
#   Increase physical memory or swap space
#   Check if swap backing store is full
#   Use 64 bit Java on a 64 bit OS
#   Decrease Java heap size (-Xmx/-Xms)
#   Decrease number of Java threads
#   Decrease Java thread stack sizes (-Xss)
#   Set larger code cache with -XX:ReservedCodeCacheSize=
# This output file may be truncated or incomplete.
#
#  Out of Memory Error (allocation.cpp:390), pid=8896, tid=0x0000000000001668
#
# JRE version: OpenJDK Runtime Environment (8.0_76-b03) (build 1.8.0_76-release-b03)
# Java VM: OpenJDK 64-Bit Server VM (25.76-b03 mixed mode windows-amd64 compressed oops)
# Failed to write core dump. Minidumps are not enabled by default on client versions of Windows
#

---------------  T H R E A D  ---------------

Current thread (0x0000000017850800):  JavaThread "C2 CompilerThread2" daemon [_thread_in_native, id=5736, stack(0x0000000018300000,0x0000000018400000)]

Stack: [0x0000000018300000,0x0000000018400000]
[error occurred during error reporting (printing stack bounds), id 0xc0000005]

Native frames: (J=compiled Java code, j=interpreted, Vv=VM code, C=native code)


Current CompileTask:
C2:   5650 1937       4       com.android.dx.ssa.SCCP::simulateBranch (666 bytes)


---------------  P R O C E S S  ---------------

Java Threads: ( => current thread )
  0x0000000017b0e000 JavaThread "pool-2-thread-4" [_thread_blocked, id=11224, stack(0x0000000019300000,0x0000000019400000)]
  0x0000000017b0b000 JavaThread "pool-2-thread-3" [_thread_blocked, id=10020, stack(0x0000000019200000,0x0000000019300000)]
  0x0000000017b31000 JavaThread "pool-2-thread-2" [_thread_blocked, id=11212, stack(0x0000000019100000,0x0000000019200000)]
  0x0000000017b3a800 JavaThread "pool-3-thread-1" [_thread_blocked, id=764, stack(0x0000000019000000,0x0000000019100000)]
  0x0000000017b33000 JavaThread "pool-2-thread-1" [_thread_blocked, id=10336, stack(0x0000000018f00000,0x0000000019000000)]
  0x0000000017876800 JavaThread "Service Thread" daemon [_thread_blocked, id=4824, stack(0x0000000018500000,0x0000000018600000)]
  0x000000001785f000 JavaThread "C1 CompilerThread3" daemon [_thread_blocked, id=10968, stack(0x0000000018400000,0x0000000018500000)]
=>0x0000000017850800 JavaThread "C2 CompilerThread2" daemon [_thread_in_native, id=5736, stack(0x0000000018300000,0x0000000018400000)]
  0x000000001783a000 JavaThread "C2 CompilerThread1" daemon [_thread_in_vm, id=10988, stack(0x0000000018200000,0x0000000018300000)]
  0x00000000177ea000 JavaThread "C2 CompilerThread0" daemon [_thread_in_native, id=7952, stack(0x0000000018100000,0x0000000018200000)]
  0x00000000177e5000 JavaThread "Attach Listener" daemon [_thread_blocked, id=8976, stack(0x0000000018000000,0x0000000018100000)]
  0x00000000177e4000 JavaThread "Signal Dispatcher" daemon [_thread_blocked, id=5084, stack(0x0000000017f00000,0x0000000018000000)]
  0x0000000002dce000 JavaThread "Finalizer" daemon [_thread_blocked, id=4728, stack(0x0000000017bc0000,0x0000000017cc0000)]
  0x00000000158eb000 JavaThread "Reference Handler" daemon [_thread_blocked, id=11572, stack(0x00000000176c0000,0x00000000177c0000)]
  0x0000000002cd3000 JavaThread "main" [_thread_blocked, id=968, stack(0x0000000002b40000,0x0000000002c40000)]

Other Threads:
  0x00000000158e5000 VMThread [stack: 0x00000000175c0000,0x00000000176c0000] [id=9708]
  0x0000000017877800 WatcherThread [stack: 0x0000000018600000,0x0000000018700000] [id=1328]

VM state:not at safepoint (normal execution)

VM Mutex/Monitor currently owned by a thread: None

Heap:
 PSYoungGen      total 71680K, used 54431K [0x00000000eab00000, 0x00000000ef600000, 0x0000000100000000)
  eden space 66560K, 74% used [0x00000000eab00000,0x00000000edb29410,0x00000000eec00000)
  from space 5120K, 99% used [0x00000000ef100000,0x00000000ef5feb40,0x00000000ef600000)
  to   space 5120K, 0% used [0x00000000eec00000,0x00000000eec00000,0x00000000ef100000)
 ParOldGen       total 87552K, used 13141K [0x00000000c0000000, 0x00000000c5580000, 0x00000000eab00000)
  object space 87552K, 15% used [0x00000000c0000000,0x00000000c0cd5710,0x00000000c5580000)
 Metaspace       used 6266K, capacity 7152K, committed 7296K, reserved 1056768K
  class space    used 579K, capacity 616K, committed 640K, reserved 1048576K

Card table byte_map: [0x0000000012190000,0x00000000123a0000] byte_map_base: 0x0000000011b90000

Marking Bits: (ParMarkBitMap*) 0x000000005ec49d00
 Begin Bits: [0x0000000012d00000, 0x0000000013d00000)
 End Bits:   [0x0000000013d00000, 0x0000000014d00000)

Polling page: 0x0000000001270000

CodeCache: size=245760Kb used=8445Kb max_used=8463Kb free=237314Kb
 bounds [0x0000000002dd0000, 0x0000000003620000, 0x0000000011dd0000]
 total_blobs=2164 nmethods=1895 adapters=182
 compilation: enabled

Compilation events (10 events):
Event: 5.519 Thread 0x000000001785f000 1944       2       com.android.dx.rop.code.Rops::opIfNe (17 bytes)
Event: 5.519 Thread 0x000000001785f000 nmethod 1944 0x00000000035e5b50 code [0x00000000035e5cc0, 0x00000000035e5e48]
Event: 5.527 Thread 0x000000001785f000 1949       2       java.util.concurrent.locks.AbstractQueuedSynchronizer::isOnSyncQueue (33 bytes)
Event: 5.527 Thread 0x000000001785f000 nmethod 1949 0x00000000035e2750 code [0x00000000035e28c0, 0x00000000035e2af0]
Event: 5.533 Thread 0x0000000017850800 nmethod 1886 0x000000000360e450 code [0x000000000360e680, 0x000000000360fba8]
Event: 5.533 Thread 0x0000000017850800 1937       4       com.android.dx.ssa.SCCP::simulateBranch (666 bytes)
Event: 5.545 Thread 0x000000001783a000 nmethod 1885 0x00000000036119d0 code [0x0000000003611c80, 0x0000000003613a50]
Event: 5.545 Thread 0x000000001783a000 1940 %     4       com.android.dx.ssa.SsaConverter::placePhiFunctions @ 264 (394 bytes)
Event: 5.560 Thread 0x000000001785f000 1952       2       com.android.dx.cf.direct.DirectClassFile::makeTypeList (47 bytes)
Event: 5.561 Thread 0x000000001785f000 nmethod 1952 0x00000000035e21d0 code [0x00000000035e2360, 0x00000000035e2618]

GC Heap History (8 events):
Event: 2.227 GC heap before
{Heap before GC invocations=1 (full 0):
 PSYoungGen      total 38400K, used 33280K [0x00000000eab00000, 0x00000000ed580000, 0x0000000100000000)
  eden space 33280K, 100% used [0x00000000eab00000,0x00000000ecb80000,0x00000000ecb80000)
  from space 5120K, 0% used [0x00000000ed080000,0x00000000ed080000,0x00000000ed580000)
  to   space 5120K, 0% used [0x00000000ecb80000,0x00000000ecb80000,0x00000000ed080000)
 ParOldGen       total 87552K, used 0K [0x00000000c0000000, 0x00000000c5580000, 0x00000000eab00000)
  object space 87552K, 0% used [0x00000000c0000000,0x00000000c0000000,0x00000000c5580000)
 Metaspace       used 5864K, capacity 6832K, committed 7040K, reserved 1056768K
  class space    used 576K, capacity 616K, committed 640K, reserved 1048576K
Event: 2.249 GC heap after
Heap after GC invocations=1 (full 0):
 PSYoungGen      total 38400K, used 5109K [0x00000000eab00000, 0x00000000ed580000, 0x0000000100000000)
  eden space 33280K, 0% used [0x00000000eab00000,0x00000000eab00000,0x00000000ecb80000)
  from space 5120K, 99% used [0x00000000ecb80000,0x00000000ed07d600,0x00000000ed080000)
  to   space 5120K, 0% used [0x00000000ed080000,0x00000000ed080000,0x00000000ed580000)
 ParOldGen       total 87552K, used 123K [0x00000000c0000000, 0x00000000c5580000, 0x00000000eab00000)
  object space 87552K, 0% used [0x00000000c0000000,0x00000000c001eef8,0x00000000c5580000)
 Metaspace       used 5864K, capacity 6832K, committed 7040K, reserved 1056768K
  class space    used 576K, capacity 616K, committed 640K, reserved 1048576K
}
Event: 2.998 GC heap before
{Heap before GC invocations=2 (full 0):
 PSYoungGen      total 38400K, used 38389K [0x00000000eab00000, 0x00000000ed580000, 0x0000000100000000)
  eden space 33280K, 100% used [0x00000000eab00000,0x00000000ecb80000,0x00000000ecb80000)
  from space 5120K, 99% used [0x00000000ecb80000,0x00000000ed07d600,0x00000000ed080000)
  to   space 5120K, 0% used [0x00000000ed080000,0x00000000ed080000,0x00000000ed580000)
 ParOldGen       total 87552K, used 123K [0x00000000c0000000, 0x00000000c5580000, 0x00000000eab00000)
  object space 87552K, 0% used [0x00000000c0000000,0x00000000c001eef8,0x00000000c5580000)
 Metaspace       used 6122K, capacity 7024K, committed 7296K, reserved 1056768K
  class space    used 578K, capacity 616K, committed 640K, reserved 1048576K
Event: 3.036 GC heap after
Heap after GC invocations=2 (full 0):
 PSYoungGen      total 38400K, used 5098K [0x00000000eab00000, 0x00000000ef600000, 0x0000000100000000)
  eden space 33280K, 0% used [0x00000000eab00000,0x00000000eab00000,0x00000000ecb80000)
  from space 5120K, 99% used [0x00000000ed080000,0x00000000ed57aaa0,0x00000000ed580000)
  to   space 5120K, 0% used [0x00000000ecb80000,0x00000000ecb80000,0x00000000ed080000)
 ParOldGen       total 87552K, used 3250K [0x00000000c0000000, 0x00000000c5580000, 0x00000000eab00000)
  object space 87552K, 3% used [0x00000000c0000000,0x00000000c032ca98,0x00000000c5580000)
 Metaspace       used 6122K, capacity 7024K, committed 7296K, reserved 1056768K
  class space    used 578K, capacity 616K, committed 640K, reserved 1048576K
}
Event: 3.352 GC heap before
{Heap before GC invocations=3 (full 0):
 PSYoungGen      total 38400K, used 38378K [0x00000000eab00000, 0x00000000ef600000, 0x0000000100000000)
  eden space 33280K, 100% used [0x00000000eab00000,0x00000000ecb80000,0x00000000ecb80000)
  from space 5120K, 99% used [0x00000000ed080000,0x00000000ed57aaa0,0x00000000ed580000)
  to   space 5120K, 0% used [0x00000000ecb80000,0x00000000ecb80000,0x00000000ed080000)
 ParOldGen       total 87552K, used 3250K [0x00000000c0000000, 0x00000000c5580000, 0x00000000eab00000)
  object space 87552K, 3% used [0x00000000c0000000,0x00000000c032ca98,0x00000000c5580000)
 Metaspace       used 6179K, capacity 7088K, committed 7296K, reserved 1056768K
  class space    used 579K, capacity 616K, committed 640K, reserved 1048576K
Event: 3.404 GC heap after
Heap after GC invocations=3 (full 0):
 PSYoungGen      total 38400K, used 5117K [0x00000000eab00000, 0x00000000ef600000, 0x0000000100000000)
  eden space 33280K, 0% used [0x00000000eab00000,0x00000000eab00000,0x00000000ecb80000)
  from space 5120K, 99% used [0x00000000ecb80000,0x00000000ed07f7b0,0x00000000ed080000)
  to   space 5120K, 0% used [0x00000000ef100000,0x00000000ef100000,0x00000000ef600000)
 ParOldGen       total 87552K, used 8123K [0x00000000c0000000, 0x00000000c5580000, 0x00000000eab00000)
  object space 87552K, 9% used [0x00000000c0000000,0x00000000c07eef28,0x00000000c5580000)
 Metaspace       used 6179K, capacity 7088K, committed 7296K, reserved 1056768K
  class space    used 579K, capacity 616K, committed 640K, reserved 1048576K
}
Event: 3.493 GC heap before
{Heap before GC invocations=4 (full 0):
 PSYoungGen      total 38400K, used 38397K [0x00000000eab00000, 0x00000000ef600000, 0x0000000100000000)
  eden space 33280K, 100% used [0x00000000eab00000,0x00000000ecb80000,0x00000000ecb80000)
  from space 5120K, 99% used [0x00000000ecb80000,0x00000000ed07f7b0,0x00000000ed080000)
  to   space 5120K, 0% used [0x00000000ef100000,0x00000000ef100000,0x00000000ef600000)
 ParOldGen       total 87552K, used 8123K [0x00000000c0000000, 0x00000000c5580000, 0x00000000eab00000)
  object space 87552K, 9% used [0x00000000c0000000,0x00000000c07eef28,0x00000000c5580000)
 Metaspace       used 6217K, capacity 7152K, committed 7296K, reserved 1056768K
  class space    used 579K, capacity 616K, committed 640K, reserved 1048576K
Event: 3.622 GC heap after
Heap after GC invocations=4 (full 0):
 PSYoungGen      total 71680K, used 5114K [0x00000000eab00000, 0x00000000ef600000, 0x0000000100000000)
  eden space 66560K, 0% used [0x00000000eab00000,0x00000000eab00000,0x00000000eec00000)
  from space 5120K, 99% used [0x00000000ef100000,0x00000000ef5feb40,0x00000000ef600000)
  to   space 5120K, 0% used [0x00000000eec00000,0x00000000eec00000,0x00000000ef100000)
 ParOldGen       total 87552K, used 13141K [0x00000000c0000000, 0x00000000c5580000, 0x00000000eab00000)
  object space 87552K, 15% used [0x00000000c0000000,0x00000000c0cd5710,0x00000000c5580000)
 Metaspace       used 6217K, capacity 7152K, committed 7296K, reserved 1056768K
  class space    used 579K, capacity 616K, committed 640K, reserved 1048576K
}

Deoptimization events (10 events):
Event: 3.233 Thread 0x0000000017b0b000 Uncommon trap: reason=unstable_if action=reinterpret pc=0x00000000034674cc method=com.android.dx.ssa.LiteralOpUpgrader$1.visitNonMoveInsn(Lcom/android/dx/ssa/NormalSsaInsn;)V @ 55
Event: 3.234 Thread 0x0000000017b0b000 Uncommon trap: reason=unstable_if action=reinterpret pc=0x00000000031dca9c method=com.android.dx.ssa.SsaMethod.updateOneDefinition(Lcom/android/dx/ssa/SsaInsn;Lcom/android/dx/rop/code/RegisterSpec;)V @ 4
Event: 3.410 Thread 0x0000000017b31000 Uncommon trap: reason=unstable_if action=reinterpret pc=0x000000000319aa7c method=com.android.dx.util.IntList.binarysearch(I)I @ 105
Event: 4.137 Thread 0x0000000017b33000 Uncommon trap: reason=unstable_if action=reinterpret pc=0x0000000003521568 method=com.android.dx.cf.code.RopperMachine.run(Lcom/android/dx/cf/code/Frame;II)V @ 1250
Event: 4.508 Thread 0x0000000017b0e000 Uncommon trap: reason=bimorphic action=maybe_recompile pc=0x00000000034e68d0 method=com.android.dx.cf.code.BytecodeArray.parseInstruction(ILcom/android/dx/cf/code/BytecodeArray$Visitor;)I @ 1130
Event: 4.508 Thread 0x0000000017b0e000 Uncommon trap: reason=bimorphic action=maybe_recompile pc=0x00000000034e68d0 method=com.android.dx.cf.code.BytecodeArray.parseInstruction(ILcom/android/dx/cf/code/BytecodeArray$Visitor;)I @ 1130
Event: 4.815 Thread 0x0000000017b31000 Uncommon trap: reason=unstable_if action=reinterpret pc=0x00000000035031e0 method=com.android.dx.dex.code.RopTranslator.pickOrder()V @ 279
Event: 4.962 Thread 0x0000000002cd3000 Uncommon trap: reason=unloaded action=reinterpret pc=0x00000000035a2730 method=com.android.dx.cf.cst.ConstantPoolParser.parse0(ILjava/util/BitSet;)Lcom/android/dx/rop/cst/Constant; @ 220
Event: 4.968 Thread 0x0000000017b0b000 Uncommon trap: reason=unstable_if action=reinterpret pc=0x00000000032f2f74 method=com.android.dx.ssa.SCCP.simulateStmt(Lcom/android/dx/ssa/SsaInsn;)V @ 53
Event: 4.975 Thread 0x0000000017b0b000 Uncommon trap: reason=class_check action=maybe_recompile pc=0x0000000003256680 method=java.util.HashMap.putVal(ILjava/lang/Object;Ljava/lang/Object;ZZ)Ljava/lang/Object; @ 203

Internal exceptions (3 events):
Event: 0.050 Thread 0x0000000002cd3000 Exception <a 'java/lang/NoSuchMethodError': Method sun.misc.Unsafe.defineClass(Ljava/lang/String;[BII)Ljava/lang/Class; name or signature does not match> (0x00000000eab07cc0) thrown at [C:\src\android\AOSP-openjdk\external\jetbrains\jdk\hotspot\src\share\v›èçROº©?
Event: 0.050 Thread 0x0000000002cd3000 Exception <a 'java/lang/NoSuchMethodError': Method sun.misc.Unsafe.prefetchRead(Ljava/lang/Object;J)V name or signature does not match> (0x00000000eab07fa8) thrown at [C:\src\android\AOSP-openjdk\external\jetbrains\jdk\hotspot\src\share\vm\prims\jni.cpp, l»ÆQ•bo@
Event: 2.179 Thread 0x0000000002cd3000 Implicit null exception at 0x00000000030ae522 to 0x00000000030ae629

Events (10 events):
Event: 4.816 Thread 0x0000000017b31000 DEOPT UNPACKING pc=0x0000000002e1556a sp=0x00000000191febf8 mode 2
Event: 4.962 Thread 0x0000000002cd3000 Uncommon trap: trap_request=0x000000d4 fr.pc=0x00000000035a2730
Event: 4.962 Thread 0x0000000002cd3000 DEOPT PACKING pc=0x00000000035a2730 sp=0x0000000002c3e6b0
Event: 4.962 Thread 0x0000000002cd3000 DEOPT UNPACKING pc=0x0000000002e1556a sp=0x0000000002c3e700 mode 2
Event: 4.968 Thread 0x0000000017b0b000 Uncommon trap: trap_request=0xffffff65 fr.pc=0x00000000032f2f74
Event: 4.968 Thread 0x0000000017b0b000 DEOPT PACKING pc=0x00000000032f2f74 sp=0x00000000192fe400
Event: 4.968 Thread 0x0000000017b0b000 DEOPT UNPACKING pc=0x0000000002e1556a sp=0x00000000192fe3c8 mode 2
Event: 4.975 Thread 0x0000000017b0b000 Uncommon trap: trap_request=0xffffffde fr.pc=0x0000000003256680
Event: 4.975 Thread 0x0000000017b0b000 DEOPT PACKING pc=0x0000000003256680 sp=0x00000000192fe240
Event: 4.975 Thread 0x0000000017b0b000 DEOPT UNPACKING pc=0x0000000002e1556a sp=0x00000000192fe1c8 mode 2


Dynamic libraries:
0x00007ff7dfff0000 - 0x00007ff7e0021000 	C:\Program Files\Android\Android Studio\jre\bin\java.exe
0x00007ffb22c00000 - 0x00007ffb22dac000 	C:\WINDOWS\SYSTEM32\ntdll.dll
0x00007ffb21180000 - 0x00007ffb212be000 	C:\WINDOWS\system32\KERNEL32.DLL
0x00007ffb200b0000 - 0x00007ffb201c5000 	C:\WINDOWS\system32\KERNELBASE.dll
0x00007ffb20280000 - 0x00007ffb2032a000 	C:\WINDOWS\system32\ADVAPI32.dll
0x00007ffb206b0000 - 0x00007ffb20827000 	C:\WINDOWS\system32\USER32.dll
0x00007ffb1dee0000 - 0x00007ffb1e15b000 	C:\WINDOWS\WinSxS\amd64_microsoft.windows.common-controls_6595b64144ccf1df_6.0.9600.18006_none_623f33d3ecbe86e8\COMCTL32.dll
0x00007ffb22a00000 - 0x00007ffb22aaa000 	C:\WINDOWS\system32\msvcrt.dll
0x00007ffb203d0000 - 0x00007ffb20429000 	C:\WINDOWS\SYSTEM32\sechost.dll
0x00007ffb20c20000 - 0x00007ffb20d61000 	C:\WINDOWS\system32\RPCRT4.dll
0x00007ffb22ab0000 - 0x00007ffb22bff000 	C:\WINDOWS\system32\GDI32.dll
0x00007ffb20390000 - 0x00007ffb203c6000 	C:\WINDOWS\system32\IMM32.DLL
0x00007ffb20430000 - 0x00007ffb20582000 	C:\WINDOWS\system32\MSCTF.dll
0x000000005e2d0000 - 0x000000005e3a2000 	C:\Program Files\Android\Android Studio\jre\jre\bin\msvcr100.dll
0x000000005e490000 - 0x000000005ecc4000 	C:\Program Files\Android\Android Studio\jre\jre\bin\server\jvm.dll
0x00007ffb14020000 - 0x00007ffb14029000 	C:\WINDOWS\SYSTEM32\WSOCK32.dll
0x00007ffb1e3c0000 - 0x00007ffb1e3e2000 	C:\WINDOWS\SYSTEM32\WINMM.dll
0x00007ffb1e3f0000 - 0x00007ffb1e3fa000 	C:\WINDOWS\SYSTEM32\VERSION.dll
0x00007ffb20d70000 - 0x00007ffb20d77000 	C:\WINDOWS\system32\PSAPI.DLL
0x00007ffb20590000 - 0x00007ffb205ea000 	C:\WINDOWS\system32\WS2_32.dll
0x00007ffb1db60000 - 0x00007ffb1db8a000 	C:\WINDOWS\SYSTEM32\WINMMBASE.dll
0x00007ffb20c10000 - 0x00007ffb20c19000 	C:\WINDOWS\system32\NSI.dll
0x00007ffb1fe20000 - 0x00007ffb1fe6f000 	C:\WINDOWS\SYSTEM32\cfgmgr32.dll
0x00007ffb1eb40000 - 0x00007ffb1eb68000 	C:\WINDOWS\SYSTEM32\DEVOBJ.dll
0x00007ffb19400000 - 0x00007ffb1940f000 	C:\Program Files\Android\Android Studio\jre\jre\bin\verify.dll
0x00007ffb02e70000 - 0x00007ffb02e99000 	C:\Program Files\Android\Android Studio\jre\jre\bin\java.dll
0x00007ffb0a180000 - 0x00007ffb0a196000 	C:\Program Files\Android\Android Studio\jre\jre\bin\zip.dll
0x00007ffb212c0000 - 0x00007ffb227eb000 	C:\WINDOWS\system32\SHELL32.dll
0x00007ffb20d80000 - 0x00007ffb20f91000 	C:\WINDOWS\SYSTEM32\combase.dll
0x00007ffb227f0000 - 0x00007ffb22844000 	C:\WINDOWS\system32\SHLWAPI.dll
0x00007ffb1e8a0000 - 0x00007ffb1e952000 	C:\WINDOWS\SYSTEM32\SHCORE.dll
0x00007ffb1fd50000 - 0x00007ffb1fd65000 	C:\WINDOWS\SYSTEM32\profapi.dll

VM Arguments:
jvm_args: -Djava.awt.headless=true -Xmx1024M -Dfile.encoding=windows-1252 -Duser.country=US -Duser.language=en -Duser.variant 
java_command: com.android.dx.command.Main --dex --force-jumbo --num-threads=4 --multi-dex --output D:\git\Evergreen\app\build\intermediates\transforms\dex\debug\folders\1000\10\com.android.support-support-v4-23.0.1_90c51facac6ef9eba97036a4b17e5940d0e01771 D:\git\Evergreen\app\build\intermediates\exploded-aar\com.android.support\support-v4\23.0.1\jars\classes.jar
java_class_path (initial): D:\Android\sdk\build-tools\24.0.1\lib\dx.jar
Launcher Type: SUN_STANDARD

Environment Variables:
PATH=C:\Program Files (x86)\NVIDIA Corporation\PhysX\Common;C:\ProgramData\Oracle\Java\javapath;C:\Program Files (x86)\Intel\iCLS Client\;C:\Program Files\Intel\iCLS Client\;C:\WINDOWS\system32;C:\WINDOWS;C:\WINDOWS\System32\Wbem;C:\WINDOWS\System32\WindowsPowerShell\v1.0\;C:\Program Files (x86)\Windows Live\Shared;C:\Program Files\Intel\Intel(R) Management Engine Components\DAL;C:\Program Files\Intel\Intel(R) Management Engine Components\IPT;C:\Program Files (x86)\Intel\Intel(R) Management Engine Components\DAL;C:\Program Files (x86)\Intel\Intel(R) Management Engine Components\IPT;C:\Program Files (x86)\Intel\OpenCL SDK\3.0\bin\x86;C:\Program Files (x86)\Intel\OpenCL SDK\3.0\bin\x64;C:\Program Files\MiKTeX 2.9\miktex\bin\x64\;D:\Installs\Skype\Phone\;C:\Program Files\nodejs\;C:\Program Files\TortoiseGit\bin;C:\Program Files (x86)\GtkSharp\2.12\bin;C:\Users\Emil\AppData\Roaming\npm;C:\Program Files\Java\jdk1.7.0_79\bin
USERNAME=Emil
OS=Windows_NT
PROCESSOR_IDENTIFIER=Intel64 Family 6 Model 60 Stepping 3, GenuineIntel



---------------  S Y S T E M  ---------------

OS: Windows 8.1 , 64 bit Build 9600 (6.3.9600.17415)

CPU:total 8 (4 cores per cpu, 2 threads per core) family 6 model 60 stepping 3, cmov, cx8, fxsr, mmx, sse, sse2, sse3, ssse3, sse4.1, sse4.2, popcnt, avx, avx2, aes, clmul, erms, lzcnt, ht, tsc, tscinvbit, bmi1, bmi2

Memory: 4k page, physical 8306320k(1019268k free), swap 11452048k(4388k free)

vm_info: OpenJDK 64-Bit Server VM (25.76-b03) for windows-amd64 JRE (1.8.0_76-release-b03), built on Jun 29 2016 19:09:20 by "ralucas" with MS VC++ 10.0 (VS2010)

time: Tue Feb 21 23:42:46 2017
elapsed time: 5 seconds (0d 0h 0m 5s)

