#
# There is insufficient memory for the Java Runtime Environment to continue.
# Native memory allocation (malloc) failed to allocate 463296 bytes for Chunk::new
# Possible reasons:
#   The system is out of physical RAM or swap space
#   In 32 bit mode, the process size limit was hit
# Possible solutions:
#   Reduce memory load on the system
#   Increase physical memory or swap space
#   Check if swap backing store is full
#   Use 64 bit Java on a 64 bit OS
#   Decrease Java heap size (-Xmx/-Xms)
#   Decrease number of Java threads
#   Decrease Java thread stack sizes (-Xss)
#   Set larger code cache with -XX:ReservedCodeCacheSize=
# This output file may be truncated or incomplete.
#
#  Out of Memory Error (allocation.cpp:390), pid=2988, tid=0x00000000000029b8
#
# JRE version: OpenJDK Runtime Environment (8.0_76-b03) (build 1.8.0_76-release-b03)
# Java VM: OpenJDK 64-Bit Server VM (25.76-b03 mixed mode windows-amd64 compressed oops)
# Failed to write core dump. Minidumps are not enabled by default on client versions of Windows
#

---------------  T H R E A D  ---------------

Current thread (0x0000000017667800):  JavaThread "C2 CompilerThread0" daemon [_thread_in_native, id=10680, stack(0x0000000017f80000,0x0000000018080000)]

Stack: [0x0000000017f80000,0x0000000018080000]
[error occurred during error reporting (printing stack bounds), id 0xc0000005]

Native frames: (J=compiled Java code, j=interpreted, Vv=VM code, C=native code)


Current CompileTask:
C2:   5770 1776       4       com.android.dx.cf.code.BaseMachine::getLocalTarget (151 bytes)


---------------  P R O C E S S  ---------------

Java Threads: ( => current thread )
  0x00000000179f7000 JavaThread "pool-2-thread-4" [_thread_in_Java, id=1960, stack(0x0000000019180000,0x0000000019280000)]
  0x00000000185ff800 JavaThread "pool-2-thread-3" [_thread_in_Java, id=10896, stack(0x0000000019080000,0x0000000019180000)]
  0x00000000185fe800 JavaThread "pool-2-thread-2" [_thread_blocked, id=204, stack(0x0000000018f80000,0x0000000019080000)]
  0x00000000185fd000 JavaThread "pool-3-thread-1" [_thread_blocked, id=10940, stack(0x0000000018e80000,0x0000000018f80000)]
  0x00000000185fa800 JavaThread "pool-2-thread-1" [_thread_in_Java, id=11524, stack(0x0000000018d80000,0x0000000018e80000)]
  0x00000000176fa000 JavaThread "Service Thread" daemon [_thread_blocked, id=10804, stack(0x0000000018380000,0x0000000018480000)]
  0x00000000176c0000 JavaThread "C1 CompilerThread3" daemon [_thread_blocked, id=7468, stack(0x0000000018280000,0x0000000018380000)]
  0x0000000017679000 JavaThread "C2 CompilerThread2" daemon [_thread_in_native, id=2304, stack(0x0000000018180000,0x0000000018280000)]
  0x000000001766a800 JavaThread "C2 CompilerThread1" daemon [_thread_in_native, id=9380, stack(0x0000000018080000,0x0000000018180000)]
=>0x0000000017667800 JavaThread "C2 CompilerThread0" daemon [_thread_in_native, id=10680, stack(0x0000000017f80000,0x0000000018080000)]
  0x0000000017666800 JavaThread "Attach Listener" daemon [_thread_blocked, id=3428, stack(0x0000000017e80000,0x0000000017f80000)]
  0x000000001576e000 JavaThread "Signal Dispatcher" daemon [_thread_blocked, id=8776, stack(0x0000000017d80000,0x0000000017e80000)]
  0x0000000017660800 JavaThread "Finalizer" daemon [_thread_blocked, id=11692, stack(0x0000000017a40000,0x0000000017b40000)]
  0x0000000002c14000 JavaThread "Reference Handler" daemon [_thread_blocked, id=8684, stack(0x0000000017540000,0x0000000017640000)]
  0x0000000002b23000 JavaThread "main" [_thread_in_Java, id=2852, stack(0x00000000029f0000,0x0000000002af0000)]

Other Threads:
  0x0000000015755800 VMThread [stack: 0x0000000017440000,0x0000000017540000] [id=9068]
  0x00000000176fb000 WatcherThread [stack: 0x0000000018480000,0x0000000018580000] [id=9964]

VM state:not at safepoint (normal execution)

VM Mutex/Monitor currently owned by a thread: None

Heap:
 PSYoungGen      total 138240K, used 63934K [0x00000000eab00000, 0x00000000f3700000, 0x0000000100000000)
  eden space 133120K, 44% used [0x00000000eab00000,0x00000000ee470810,0x00000000f2d00000)
  from space 5120K, 99% used [0x00000000f3200000,0x00000000f36feff8,0x00000000f3700000)
  to   space 5120K, 0% used [0x00000000f2d00000,0x00000000f2d00000,0x00000000f3200000)
 ParOldGen       total 87552K, used 25434K [0x00000000c0000000, 0x00000000c5580000, 0x00000000eab00000)
  object space 87552K, 29% used [0x00000000c0000000,0x00000000c18d6a68,0x00000000c5580000)
 Metaspace       used 6382K, capacity 7154K, committed 7296K, reserved 1056768K
  class space    used 596K, capacity 618K, committed 640K, reserved 1048576K

Card table byte_map: [0x0000000011fe0000,0x00000000121f0000] byte_map_base: 0x00000000119e0000

Marking Bits: (ParMarkBitMap*) 0x000000005ec49d00
 Begin Bits: [0x0000000012b50000, 0x0000000013b50000)
 End Bits:   [0x0000000013b50000, 0x0000000014b50000)

Polling page: 0x0000000002940000

CodeCache: size=245760Kb used=8832Kb max_used=8842Kb free=236927Kb
 bounds [0x0000000002c20000, 0x00000000034d0000, 0x0000000011c20000]
 total_blobs=2199 nmethods=1930 adapters=182
 compilation: enabled

Compilation events (10 events):
Event: 5.688 Thread 0x0000000017679000 nmethod 1978 0x00000000033efc10 code [0x00000000033efd40, 0x00000000033efe18]
Event: 5.688 Thread 0x0000000017679000 1979       4       com.android.dx.cf.code.ByteCatchList::toRopCatchList (57 bytes)
Event: 5.691 Thread 0x00000000176c0000 1985       2       com.android.dx.cf.direct.StdAttributeFactory::innerClasses (383 bytes)
Event: 5.695 Thread 0x0000000017679000 nmethod 1979 0x00000000034ab9d0 code [0x00000000034abb40, 0x00000000034abe18]
Event: 5.695 Thread 0x0000000017679000 1984       4       com.android.dx.util.BitIntSet$1::next (42 bytes)
Event: 5.695 Thread 0x00000000176c0000 nmethod 1985 0x00000000034c2c90 code [0x00000000034c32c0, 0x00000000034c5ca8]
Event: 5.697 Thread 0x0000000017679000 nmethod 1984 0x00000000034afd50 code [0x00000000034afea0, 0x00000000034afff8]
Event: 5.697 Thread 0x0000000017679000 1756       4       com.android.dx.cf.code.ExecutionStack::peek (42 bytes)
Event: 5.698 Thread 0x0000000017679000 nmethod 1756 0x00000000034afa10 code [0x00000000034afb60, 0x00000000034afc38]
Event: 5.698 Thread 0x0000000017679000 1763       4       com.android.dx.rop.code.Rops::ropFor (771 bytes)

GC Heap History (8 events):
Event: 1.227 GC heap before
{Heap before GC invocations=1 (full 0):
 PSYoungGen      total 38400K, used 33280K [0x00000000eab00000, 0x00000000ed580000, 0x0000000100000000)
  eden space 33280K, 100% used [0x00000000eab00000,0x00000000ecb80000,0x00000000ecb80000)
  from space 5120K, 0% used [0x00000000ed080000,0x00000000ed080000,0x00000000ed580000)
  to   space 5120K, 0% used [0x00000000ecb80000,0x00000000ecb80000,0x00000000ed080000)
 ParOldGen       total 87552K, used 0K [0x00000000c0000000, 0x00000000c5580000, 0x00000000eab00000)
  object space 87552K, 0% used [0x00000000c0000000,0x00000000c0000000,0x00000000c5580000)
 Metaspace       used 5925K, capacity 6896K, committed 7040K, reserved 1056768K
  class space    used 576K, capacity 616K, committed 640K, reserved 1048576K
Event: 1.244 GC heap after
Heap after GC invocations=1 (full 0):
 PSYoungGen      total 38400K, used 5099K [0x00000000eab00000, 0x00000000ef600000, 0x0000000100000000)
  eden space 33280K, 0% used [0x00000000eab00000,0x00000000eab00000,0x00000000ecb80000)
  from space 5120K, 99% used [0x00000000ecb80000,0x00000000ed07ac78,0x00000000ed080000)
  to   space 5120K, 0% used [0x00000000ef100000,0x00000000ef100000,0x00000000ef600000)
 ParOldGen       total 87552K, used 1628K [0x00000000c0000000, 0x00000000c5580000, 0x00000000eab00000)
  object space 87552K, 1% used [0x00000000c0000000,0x00000000c0197130,0x00000000c5580000)
 Metaspace       used 5925K, capacity 6896K, committed 7040K, reserved 1056768K
  class space    used 576K, capacity 616K, committed 640K, reserved 1048576K
}
Event: 2.270 GC heap before
{Heap before GC invocations=2 (full 0):
 PSYoungGen      total 38400K, used 38379K [0x00000000eab00000, 0x00000000ef600000, 0x0000000100000000)
  eden space 33280K, 100% used [0x00000000eab00000,0x00000000ecb80000,0x00000000ecb80000)
  from space 5120K, 99% used [0x00000000ecb80000,0x00000000ed07ac78,0x00000000ed080000)
  to   space 5120K, 0% used [0x00000000ef100000,0x00000000ef100000,0x00000000ef600000)
 ParOldGen       total 87552K, used 1628K [0x00000000c0000000, 0x00000000c5580000, 0x00000000eab00000)
  object space 87552K, 1% used [0x00000000c0000000,0x00000000c0197130,0x00000000c5580000)
 Metaspace       used 6129K, capacity 7088K, committed 7296K, reserved 1056768K
  class space    used 577K, capacity 616K, committed 640K, reserved 1048576K
Event: 2.533 GC heap after
Heap after GC invocations=2 (full 0):
 PSYoungGen      total 71680K, used 5119K [0x00000000eab00000, 0x00000000ef600000, 0x0000000100000000)
  eden space 66560K, 0% used [0x00000000eab00000,0x00000000eab00000,0x00000000eec00000)
  from space 5120K, 99% used [0x00000000ef100000,0x00000000ef5ffc10,0x00000000ef600000)
  to   space 5120K, 0% used [0x00000000eec00000,0x00000000eec00000,0x00000000ef100000)
 ParOldGen       total 87552K, used 6154K [0x00000000c0000000, 0x00000000c5580000, 0x00000000eab00000)
  object space 87552K, 7% used [0x00000000c0000000,0x00000000c06029a8,0x00000000c5580000)
 Metaspace       used 6129K, capacity 7088K, committed 7296K, reserved 1056768K
  class space    used 577K, capacity 616K, committed 640K, reserved 1048576K
}
Event: 3.497 GC heap before
{Heap before GC invocations=3 (full 0):
 PSYoungGen      total 71680K, used 71679K [0x00000000eab00000, 0x00000000ef600000, 0x0000000100000000)
  eden space 66560K, 100% used [0x00000000eab00000,0x00000000eec00000,0x00000000eec00000)
  from space 5120K, 99% used [0x00000000ef100000,0x00000000ef5ffc10,0x00000000ef600000)
  to   space 5120K, 0% used [0x00000000eec00000,0x00000000eec00000,0x00000000ef100000)
 ParOldGen       total 87552K, used 6154K [0x00000000c0000000, 0x00000000c5580000, 0x00000000eab00000)
  object space 87552K, 7% used [0x00000000c0000000,0x00000000c06029a8,0x00000000c5580000)
 Metaspace       used 6299K, capacity 7154K, committed 7296K, reserved 1056768K
  class space    used 596K, capacity 618K, committed 640K, reserved 1048576K
Event: 3.616 GC heap after
Heap after GC invocations=3 (full 0):
 PSYoungGen      total 71680K, used 5098K [0x00000000eab00000, 0x00000000f3700000, 0x0000000100000000)
  eden space 66560K, 0% used [0x00000000eab00000,0x00000000eab00000,0x00000000eec00000)
  from space 5120K, 99% used [0x00000000eec00000,0x00000000ef0faae8,0x00000000ef100000)
  to   space 5120K, 0% used [0x00000000f3200000,0x00000000f3200000,0x00000000f3700000)
 ParOldGen       total 87552K, used 16074K [0x00000000c0000000, 0x00000000c5580000, 0x00000000eab00000)
  object space 87552K, 18% used [0x00000000c0000000,0x00000000c0fb2870,0x00000000c5580000)
 Metaspace       used 6299K, capacity 7154K, committed 7296K, reserved 1056768K
  class space    used 596K, capacity 618K, committed 640K, reserved 1048576K
}
Event: 4.814 GC heap before
{Heap before GC invocations=4 (full 0):
 PSYoungGen      total 71680K, used 71658K [0x00000000eab00000, 0x00000000f3700000, 0x0000000100000000)
  eden space 66560K, 100% used [0x00000000eab00000,0x00000000eec00000,0x00000000eec00000)
  from space 5120K, 99% used [0x00000000eec00000,0x00000000ef0faae8,0x00000000ef100000)
  to   space 5120K, 0% used [0x00000000f3200000,0x00000000f3200000,0x00000000f3700000)
 ParOldGen       total 87552K, used 16074K [0x00000000c0000000, 0x00000000c5580000, 0x00000000eab00000)
  object space 87552K, 18% used [0x00000000c0000000,0x00000000c0fb2870,0x00000000c5580000)
 Metaspace       used 6334K, capacity 7154K, committed 7296K, reserved 1056768K
  class space    used 596K, capacity 618K, committed 640K, reserved 1048576K
Event: 5.113 GC heap after
Heap after GC invocations=4 (full 0):
 PSYoungGen      total 138240K, used 5115K [0x00000000eab00000, 0x00000000f3700000, 0x0000000100000000)
  eden space 133120K, 0% used [0x00000000eab00000,0x00000000eab00000,0x00000000f2d00000)
  from space 5120K, 99% used [0x00000000f3200000,0x00000000f36feff8,0x00000000f3700000)
  to   space 5120K, 0% used [0x00000000f2d00000,0x00000000f2d00000,0x00000000f3200000)
 ParOldGen       total 87552K, used 25434K [0x00000000c0000000, 0x00000000c5580000, 0x00000000eab00000)
  object space 87552K, 29% used [0x00000000c0000000,0x00000000c18d6a68,0x00000000c5580000)
 Metaspace       used 6334K, capacity 7154K, committed 7296K, reserved 1056768K
  class space    used 596K, capacity 618K, committed 640K, reserved 1048576K
}

Deoptimization events (10 events):
Event: 3.681 Thread 0x00000000179f7000 Uncommon trap: reason=bimorphic action=maybe_recompile pc=0x00000000033bc380 method=com.android.dx.cf.code.BytecodeArray.parseInstruction(ILcom/android/dx/cf/code/BytecodeArray$Visitor;)I @ 955
Event: 3.730 Thread 0x00000000185ff800 Uncommon trap: reason=unstable_if action=reinterpret pc=0x00000000030b05e4 method=java.util.HashMap.putVal(ILjava/lang/Object;Ljava/lang/Object;ZZ)Ljava/lang/Object; @ 109
Event: 3.736 Thread 0x00000000179f7000 Uncommon trap: reason=bimorphic action=maybe_recompile pc=0x0000000003198208 method=com.android.dx.ssa.LiteralOpUpgrader.tryReplacingWithConstant(Lcom/android/dx/ssa/NormalSsaInsn;)Z @ 62
Event: 4.582 Thread 0x00000000185ff800 Uncommon trap: reason=bimorphic action=maybe_recompile pc=0x0000000003198208 method=com.android.dx.ssa.LiteralOpUpgrader.tryReplacingWithConstant(Lcom/android/dx/ssa/NormalSsaInsn;)Z @ 62
Event: 5.130 Thread 0x00000000179f7000 Uncommon trap: reason=unstable_if action=reinterpret pc=0x00000000032fd278 method=com.android.dx.ssa.SCCP.simulateStmt(Lcom/android/dx/ssa/SsaInsn;)V @ 59
Event: 5.390 Thread 0x00000000185fa800 Uncommon trap: reason=unstable_if action=reinterpret pc=0x000000000300c7a0 method=java.util.HashMap.putVal(ILjava/lang/Object;Ljava/lang/Object;ZZ)Ljava/lang/Object; @ 109
Event: 5.425 Thread 0x00000000179f7000 Uncommon trap: reason=unstable_if action=reinterpret pc=0x000000000344701c method=com.android.dx.cf.code.Ropper.isSynchronized()Z @ 12
Event: 5.434 Thread 0x00000000179f7000 Uncommon trap: reason=unstable_if action=reinterpret pc=0x000000000316ef4c method=com.android.dx.ssa.MoveParamCombiner$1.visitNonMoveInsn(Lcom/android/dx/ssa/NormalSsaInsn;)V @ 27
Event: 5.485 Thread 0x00000000179f7000 Uncommon trap: reason=class_check action=maybe_recompile pc=0x0000000003415894 method=com.android.dx.cf.code.BytecodeArray.parseInstruction(ILcom/android/dx/cf/code/BytecodeArray$Visitor;)I @ 1915
Event: 5.584 Thread 0x00000000185fa800 Uncommon trap: reason=class_check action=maybe_recompile pc=0x0000000003415894 method=com.android.dx.cf.code.BytecodeArray.parseInstruction(ILcom/android/dx/cf/code/BytecodeArray$Visitor;)I @ 1915

Internal exceptions (5 events):
Event: 0.051 Thread 0x0000000002b23000 Exception <a 'java/lang/NoSuchMethodError': Method sun.misc.Unsafe.defineClass(Ljava/lang/String;[BII)Ljava/lang/Class; name or signature does not match> (0x00000000eab07cc0) thrown at [C:\src\android\AOSP-openjdk\external\jetbrains\jdk\hotspot\src\share\vL3Ë,vý©?
Event: 0.051 Thread 0x0000000002b23000 Exception <a 'java/lang/NoSuchMethodError': Method sun.misc.Unsafe.prefetchRead(Ljava/lang/Object;J)V name or signature does not match> (0x00000000eab07fa8) thrown at [C:\src\android\AOSP-openjdk\external\jetbrains\jdk\hotspot\src\share\vm\prims\jni.cpp, l‹•²a±é@
Event: 3.114 Thread 0x00000000185ff800 Exception <a 'java/lang/ArrayIndexOutOfBoundsException': 18> (0x00000000ed731970) thrown at [C:\src\android\AOSP-openjdk\external\jetbrains\jdk\hotspot\src\share\vm\interpreter\interpreterRuntime.cpp, line 366]
Event: 3.114 Thread 0x00000000185ff800 Exception <a 'java/lang/ArrayIndexOutOfBoundsException': 145> (0x00000000ed7334f0) thrown at [C:\src\android\AOSP-openjdk\external\jetbrains\jdk\hotspot\src\share\vm\interpreter\interpreterRuntime.cpp, line 366]
Event: 3.116 Thread 0x00000000185ff800 Exception <a 'java/lang/ArrayIndexOutOfBoundsException'> (0x00000000ed7347d8) thrown at [C:\src\android\AOSP-openjdk\external\jetbrains\jdk\hotspot\src\share\vm\runtime\sharedRuntime.cpp, line 605]

Events (10 events):
Event: 5.434 Thread 0x00000000179f7000 DEOPT PACKING pc=0x000000000316ef4c sp=0x000000001927e5c0
Event: 5.434 Thread 0x00000000179f7000 DEOPT UNPACKING pc=0x0000000002c6556a sp=0x000000001927e518 mode 2
Event: 5.480 Thread 0x00000000185fe800 DEOPT PACKING pc=0x00000000030a98ff sp=0x000000001907eac0
Event: 5.480 Thread 0x00000000185fe800 DEOPT UNPACKING pc=0x0000000002c675bf sp=0x000000001907e8f0 mode 0
Event: 5.485 Thread 0x00000000179f7000 Uncommon trap: trap_request=0xffffffde fr.pc=0x0000000003415894
Event: 5.485 Thread 0x00000000179f7000 DEOPT PACKING pc=0x0000000003415894 sp=0x000000001927e580
Event: 5.485 Thread 0x00000000179f7000 DEOPT UNPACKING pc=0x0000000002c6556a sp=0x000000001927e548 mode 2
Event: 5.584 Thread 0x00000000185fa800 Uncommon trap: trap_request=0xffffffde fr.pc=0x0000000003415894
Event: 5.584 Thread 0x00000000185fa800 DEOPT PACKING pc=0x0000000003415894 sp=0x0000000018e7ea10
Event: 5.584 Thread 0x00000000185fa800 DEOPT UNPACKING pc=0x0000000002c6556a sp=0x0000000018e7e9d8 mode 2


Dynamic libraries:
0x00007ff7dfff0000 - 0x00007ff7e0021000 	C:\Program Files\Android\Android Studio\jre\bin\java.exe
0x00007ffb22c00000 - 0x00007ffb22dac000 	C:\WINDOWS\SYSTEM32\ntdll.dll
0x00007ffb21180000 - 0x00007ffb212be000 	C:\WINDOWS\system32\KERNEL32.DLL
0x00007ffb200b0000 - 0x00007ffb201c5000 	C:\WINDOWS\system32\KERNELBASE.dll
0x00007ffb20280000 - 0x00007ffb2032a000 	C:\WINDOWS\system32\ADVAPI32.dll
0x00007ffb206b0000 - 0x00007ffb20827000 	C:\WINDOWS\system32\USER32.dll
0x00007ffb1dee0000 - 0x00007ffb1e15b000 	C:\WINDOWS\WinSxS\amd64_microsoft.windows.common-controls_6595b64144ccf1df_6.0.9600.18006_none_623f33d3ecbe86e8\COMCTL32.dll
0x00007ffb22a00000 - 0x00007ffb22aaa000 	C:\WINDOWS\system32\msvcrt.dll
0x00007ffb203d0000 - 0x00007ffb20429000 	C:\WINDOWS\SYSTEM32\sechost.dll
0x00007ffb20c20000 - 0x00007ffb20d61000 	C:\WINDOWS\system32\RPCRT4.dll
0x00007ffb22ab0000 - 0x00007ffb22bff000 	C:\WINDOWS\system32\GDI32.dll
0x00007ffb20390000 - 0x00007ffb203c6000 	C:\WINDOWS\system32\IMM32.DLL
0x00007ffb20430000 - 0x00007ffb20582000 	C:\WINDOWS\system32\MSCTF.dll
0x000000005e2d0000 - 0x000000005e3a2000 	C:\Program Files\Android\Android Studio\jre\jre\bin\msvcr100.dll
0x000000005e490000 - 0x000000005ecc4000 	C:\Program Files\Android\Android Studio\jre\jre\bin\server\jvm.dll
0x00007ffb14020000 - 0x00007ffb14029000 	C:\WINDOWS\SYSTEM32\WSOCK32.dll
0x00007ffb1e3c0000 - 0x00007ffb1e3e2000 	C:\WINDOWS\SYSTEM32\WINMM.dll
0x00007ffb1e3f0000 - 0x00007ffb1e3fa000 	C:\WINDOWS\SYSTEM32\VERSION.dll
0x00007ffb20d70000 - 0x00007ffb20d77000 	C:\WINDOWS\system32\PSAPI.DLL
0x00007ffb20590000 - 0x00007ffb205ea000 	C:\WINDOWS\system32\WS2_32.dll
0x00007ffb1db60000 - 0x00007ffb1db8a000 	C:\WINDOWS\SYSTEM32\WINMMBASE.dll
0x00007ffb20c10000 - 0x00007ffb20c19000 	C:\WINDOWS\system32\NSI.dll
0x00007ffb1fe20000 - 0x00007ffb1fe6f000 	C:\WINDOWS\SYSTEM32\cfgmgr32.dll
0x00007ffb1eb40000 - 0x00007ffb1eb68000 	C:\WINDOWS\SYSTEM32\DEVOBJ.dll
0x00007ffb19400000 - 0x00007ffb1940f000 	C:\Program Files\Android\Android Studio\jre\jre\bin\verify.dll
0x00007ffb02e70000 - 0x00007ffb02e99000 	C:\Program Files\Android\Android Studio\jre\jre\bin\java.dll
0x00007ffb0a180000 - 0x00007ffb0a196000 	C:\Program Files\Android\Android Studio\jre\jre\bin\zip.dll
0x00007ffb212c0000 - 0x00007ffb227eb000 	C:\WINDOWS\system32\SHELL32.dll
0x00007ffb20d80000 - 0x00007ffb20f91000 	C:\WINDOWS\SYSTEM32\combase.dll
0x00007ffb227f0000 - 0x00007ffb22844000 	C:\WINDOWS\system32\SHLWAPI.dll
0x00007ffb1e8a0000 - 0x00007ffb1e952000 	C:\WINDOWS\SYSTEM32\SHCORE.dll
0x00007ffb1fd50000 - 0x00007ffb1fd65000 	C:\WINDOWS\SYSTEM32\profapi.dll

VM Arguments:
jvm_args: -Djava.awt.headless=true -Xmx1024M -Dfile.encoding=windows-1252 -Duser.country=US -Duser.language=en -Duser.variant 
java_command: com.android.dx.command.Main --dex --force-jumbo --num-threads=4 --multi-dex --output D:\git\Evergreen\app\build\intermediates\transforms\dex\debug\folders\1000\10\com.android.support-appcompat-v7-23.0.1_3f7dd1802dffb94aa9fb44f03574472452896bd9 D:\git\Evergreen\app\build\intermediates\exploded-aar\com.android.support\appcompat-v7\23.0.1\jars\classes.jar
java_class_path (initial): D:\Android\sdk\build-tools\24.0.1\lib\dx.jar
Launcher Type: SUN_STANDARD

Environment Variables:
PATH=C:\Program Files (x86)\NVIDIA Corporation\PhysX\Common;C:\ProgramData\Oracle\Java\javapath;C:\Program Files (x86)\Intel\iCLS Client\;C:\Program Files\Intel\iCLS Client\;C:\WINDOWS\system32;C:\WINDOWS;C:\WINDOWS\System32\Wbem;C:\WINDOWS\System32\WindowsPowerShell\v1.0\;C:\Program Files (x86)\Windows Live\Shared;C:\Program Files\Intel\Intel(R) Management Engine Components\DAL;C:\Program Files\Intel\Intel(R) Management Engine Components\IPT;C:\Program Files (x86)\Intel\Intel(R) Management Engine Components\DAL;C:\Program Files (x86)\Intel\Intel(R) Management Engine Components\IPT;C:\Program Files (x86)\Intel\OpenCL SDK\3.0\bin\x86;C:\Program Files (x86)\Intel\OpenCL SDK\3.0\bin\x64;C:\Program Files\MiKTeX 2.9\miktex\bin\x64\;D:\Installs\Skype\Phone\;C:\Program Files\nodejs\;C:\Program Files\TortoiseGit\bin;C:\Program Files (x86)\GtkSharp\2.12\bin;C:\Users\Emil\AppData\Roaming\npm;C:\Program Files\Java\jdk1.7.0_79\bin
USERNAME=Emil
OS=Windows_NT
PROCESSOR_IDENTIFIER=Intel64 Family 6 Model 60 Stepping 3, GenuineIntel



---------------  S Y S T E M  ---------------

OS: Windows 8.1 , 64 bit Build 9600 (6.3.9600.17415)

CPU:total 8 (4 cores per cpu, 2 threads per core) family 6 model 60 stepping 3, cmov, cx8, fxsr, mmx, sse, sse2, sse3, ssse3, sse4.1, sse4.2, popcnt, avx, avx2, aes, clmul, erms, lzcnt, ht, tsc, tscinvbit, bmi1, bmi2

Memory: 4k page, physical 8306320k(1019268k free), swap 11452048k(4388k free)

vm_info: OpenJDK 64-Bit Server VM (25.76-b03) for windows-amd64 JRE (1.8.0_76-release-b03), built on Jun 29 2016 19:09:20 by "ralucas" with MS VC++ 10.0 (VS2010)

time: Tue Feb 21 23:42:46 2017
elapsed time: 5 seconds (0d 0h 0m 5s)

